<?xml version="1.0" encoding="UTF-8"?>
<!-- Generated by org.testng.reporters.JUnitXMLReporter -->
<testsuite ignored="2" hostname="DESKTOP-CTNIRRU" failures="0" tests="3" name="Test" time="23.26" errors="0" timestamp="2023-07-23T10:38:31 IST">
  <testcase classname="com.OrangeHRM.tests.Login_test" name="Login_HRM" time="3.042"/>
  <testcase classname="com.OrangeHRM.tests.Login_test" name="testt" time="0.0"/>
  <testcase classname="com.OrangeHRM.tests.LoginNewTest" name="hello" time="0.0"/>
  <testcase classname="com.OrangeHRM.tests.BaseClass" name="@BeforeSuite files_open" time="0.0">
    <ignored/>
  </testcase> <!-- @BeforeSuite files_open -->
  <testcase classname="com.OrangeHRM.tests.BaseClass" name="@AfterSuite end_suit" time="0.0">
    <ignored/>
  </testcase> <!-- @AfterSuite end_suit -->
</testsuite> <!-- Test -->
