<?xml version="1.0" encoding="UTF-8"?>
<testng-results ignored="0" total="1" passed="1" failed="0" skipped="0">
  <reporter-output>
  </reporter-output>
  <suite started-at="2022-05-17T19:33:12 IST" name="Default suite" finished-at="2022-05-17T19:33:22 IST" duration-ms="10343">
    <groups>
    </groups>
    <test started-at="2022-05-17T19:33:12 IST" name="Default test" finished-at="2022-05-17T19:33:22 IST" duration-ms="10343">
      <class name="com.OrangeHRM.tests.Login_test">
        <test-method is-config="true" signature="files_open()[pri:0, instance:com.OrangeHRM.tests.Login_test@6aba2b86]" started-at="2022-05-17T19:33:11 IST" name="files_open" finished-at="2022-05-17T19:33:12 IST" duration-ms="440" status="PASS">
          <reporter-output>
          </reporter-output>
        </test-method> <!-- files_open -->
        <test-method is-config="true" signature="setup()[pri:0, instance:com.OrangeHRM.tests.Login_test@6aba2b86]" started-at="2022-05-17T19:33:12 IST" name="setup" finished-at="2022-05-17T19:33:22 IST" duration-ms="9900" status="PASS">
          <reporter-output>
          </reporter-output>
        </test-method> <!-- setup -->
        <test-method signature="Login_HRM()[pri:0, instance:com.OrangeHRM.tests.Login_test@6aba2b86]" started-at="2022-05-17T19:33:22 IST" name="Login_HRM" finished-at="2022-05-17T19:33:22 IST" duration-ms="32" status="PASS">
          <reporter-output>
          </reporter-output>
        </test-method> <!-- Login_HRM -->
        <test-method is-config="true" signature="tear_down()[pri:0, instance:com.OrangeHRM.tests.Login_test@6aba2b86]" started-at="2022-05-17T19:33:22 IST" name="tear_down" finished-at="2022-05-17T19:33:22 IST" duration-ms="368" status="PASS">
          <reporter-output>
          </reporter-output>
        </test-method> <!-- tear_down -->
      </class> <!-- com.OrangeHRM.tests.Login_test -->
    </test> <!-- Default test -->
  </suite> <!-- Default suite -->
</testng-results>
